This is pdfTeX, Version 3.1415926-2.4-1.40.13 (MiKTeX 2.9) (preloaded format=pdflatex 2013.11.23)  8 MAR 2016 15:40
entering extended mode
**Mathematical*tools.tex
("C:\Users\Thimothee Admin\Documents\GitHub\BIO311\Intro\Mathematical tools.tex
"
LaTeX2e <2011/06/27>
Babel <v3.8m> and hyphenation patterns for english, afrikaans, ancientgreek, ar
abic, armenian, assamese, basque, bengali, bokmal, bulgarian, catalan, coptic, 
croatian, czech, danish, dutch, esperanto, estonian, farsi, finnish, french, ga
lician, german, german-x-2012-05-30, greek, gujarati, hindi, hungarian, iceland
ic, indonesian, interlingua, irish, italian, kannada, kurmanji, latin, latvian,
 lithuanian, malayalam, marathi, mongolian, mongolianlmc, monogreek, ngerman, n
german-x-2012-05-30, nynorsk, oriya, panjabi, pinyin, polish, portuguese, roman
ian, russian, sanskrit, serbian, slovak, slovenian, spanish, swedish, swissgerm
an, tamil, telugu, turkish, turkmen, ukenglish, ukrainian, uppersorbian, usengl
ishmax, welsh, loaded.
("C:\Program Files (x86)\MiKTeX 2.9\tex\latex\base\report.cls"
Document Class: report 2007/10/19 v1.4h Standard LaTeX document class
("C:\Program Files (x86)\MiKTeX 2.9\tex\latex\base\size10.clo"
File: size10.clo 2007/10/19 v1.4h Standard LaTeX file (size option)
)
\c@part=\count79
\c@chapter=\count80
\c@section=\count81
\c@subsection=\count82
\c@subsubsection=\count83
\c@paragraph=\count84
\c@subparagraph=\count85
\c@figure=\count86
\c@table=\count87
\abovecaptionskip=\skip41
\belowcaptionskip=\skip42
\bibindent=\dimen102
)
("C:\Program Files (x86)\MiKTeX 2.9\tex\latex\exercise\exercise.sty"
Package: exercise 2014/10/20 v1.6 Exercise package (P.Pichaureau)

("C:\Program Files (x86)\MiKTeX 2.9\tex\latex\graphics\keyval.sty"
Package: keyval 1999/03/16 v1.13 key=value parser (DPC)
\KV@toks@=\toks14
)
("C:\Program Files (x86)\MiKTeX 2.9\tex\latex\base\ifthen.sty"
Package: ifthen 2001/05/26 v1.1c Standard LaTeX ifthen package (DPC)
)
\ExerciseSkipBefore=\skip43
\ExerciseSkipAfter=\skip44
\AnswerSkipBefore=\skip45
\AnswerSkipAfter=\skip46
\Exesep=\skip47
\Exetopsep=\skip48
\Exeparsep=\skip49
\Exepartopsep=\skip50
\Exeleftmargin=\skip51
\Exerightmargin=\skip52
\Exelabelwidth=\skip53
\Exelabelsep=\skip54
\ExerciseBefore=\skip55
\QuestionBefore=\skip56
\subQuestionBefore=\skip57
\subsubQuestionBefore=\skip58
\QuestionIndent=\skip59
\subQuestionIndent=\skip60
\subsubQuestionIndent=\skip61
\c@Exercise=\count88
\c@Answer=\count89
\c@ExePart=\count90
\c@Question=\count91
\c@subQuestion=\count92
\c@subsubQuestion=\count93
\c@savedQuestion=\count94
\c@savedsubQuestion=\count95
\c@savedsubsubQuestion=\count96
\@QuestionLevel=\count97
\@Exercisebox=\box26
\all@Exercisebox=\box27
\temp@Exercisebox=\box28
\all@Answerbox=\box29
\temp@Answerbox=\box30
\ExerciseDifficulty=\count98
\QuestionDifficulty=\count99
\subQuestionDifficulty=\count100
\subsubQuestionDifficulty=\count101
\ExePartDifficulty=\count102
\@Answerbox=\box31
\colonnesLevel=\count103
\tempskipa=\skip62
\tempskipb=\skip63
\@savedmathindent=\skip64
)
("C:\Program Files (x86)\MiKTeX 2.9\tex\generic\babel\babel.sty"
Package: babel 2008/07/08 v3.8m The Babel package

*************************************
* Local config file bblopts.cfg used
*
("C:\Program Files (x86)\MiKTeX 2.9\tex\latex\00miktex\bblopts.cfg"
File: bblopts.cfg 2006/07/31 v1.0 MiKTeX 'babel' configuration
)
("C:\Program Files (x86)\MiKTeX 2.9\tex\generic\babel\english.ldf"
Language: english 2005/03/30 v3.3o English support from the babel system

("C:\Program Files (x86)\MiKTeX 2.9\tex\generic\babel\babel.def"
File: babel.def 2008/07/08 v3.8m Babel common definitions
\babel@savecnt=\count104
\U@D=\dimen103
)
\l@canadian = a dialect from \language\l@american 
\l@australian = a dialect from \language\l@british 
\l@newzealand = a dialect from \language\l@british 
))
("C:\Program Files (x86)\MiKTeX 2.9\tex\latex\base\inputenc.sty"
Package: inputenc 2008/03/30 v1.1d Input encoding file
\inpenc@prehook=\toks15
\inpenc@posthook=\toks16

("C:\Program Files (x86)\MiKTeX 2.9\tex\latex\base\utf8.def"
File: utf8.def 2008/04/05 v1.1m UTF-8 support for inputenc
Now handling font encoding OML ...
... no UTF-8 mapping file for font encoding OML
Now handling font encoding T1 ...
... processing UTF-8 mapping file for font encoding T1

("C:\Program Files (x86)\MiKTeX 2.9\tex\latex\base\t1enc.dfu"
File: t1enc.dfu 2008/04/05 v1.1m UTF-8 support for inputenc
   defining Unicode char U+00A1 (decimal 161)
   defining Unicode char U+00A3 (decimal 163)
   defining Unicode char U+00AB (decimal 171)
   defining Unicode char U+00BB (decimal 187)
   defining Unicode char U+00BF (decimal 191)
   defining Unicode char U+00C0 (decimal 192)
   defining Unicode char U+00C1 (decimal 193)
   defining Unicode char U+00C2 (decimal 194)
   defining Unicode char U+00C3 (decimal 195)
   defining Unicode char U+00C4 (decimal 196)
   defining Unicode char U+00C5 (decimal 197)
   defining Unicode char U+00C6 (decimal 198)
   defining Unicode char U+00C7 (decimal 199)
   defining Unicode char U+00C8 (decimal 200)
   defining Unicode char U+00C9 (decimal 201)
   defining Unicode char U+00CA (decimal 202)
   defining Unicode char U+00CB (decimal 203)
   defining Unicode char U+00CC (decimal 204)
   defining Unicode char U+00CD (decimal 205)
   defining Unicode char U+00CE (decimal 206)
   defining Unicode char U+00CF (decimal 207)
   defining Unicode char U+00D0 (decimal 208)
   defining Unicode char U+00D1 (decimal 209)
   defining Unicode char U+00D2 (decimal 210)
   defining Unicode char U+00D3 (decimal 211)
   defining Unicode char U+00D4 (decimal 212)
   defining Unicode char U+00D5 (decimal 213)
   defining Unicode char U+00D6 (decimal 214)
   defining Unicode char U+00D8 (decimal 216)
   defining Unicode char U+00D9 (decimal 217)
   defining Unicode char U+00DA (decimal 218)
   defining Unicode char U+00DB (decimal 219)
   defining Unicode char U+00DC (decimal 220)
   defining Unicode char U+00DD (decimal 221)
   defining Unicode char U+00DE (decimal 222)
   defining Unicode char U+00DF (decimal 223)
   defining Unicode char U+00E0 (decimal 224)
   defining Unicode char U+00E1 (decimal 225)
   defining Unicode char U+00E2 (decimal 226)
   defining Unicode char U+00E3 (decimal 227)
   defining Unicode char U+00E4 (decimal 228)
   defining Unicode char U+00E5 (decimal 229)
   defining Unicode char U+00E6 (decimal 230)
   defining Unicode char U+00E7 (decimal 231)
   defining Unicode char U+00E8 (decimal 232)
   defining Unicode char U+00E9 (decimal 233)
   defining Unicode char U+00EA (decimal 234)
   defining Unicode char U+00EB (decimal 235)
   defining Unicode char U+00EC (decimal 236)
   defining Unicode char U+00ED (decimal 237)
   defining Unicode char U+00EE (decimal 238)
   defining Unicode char U+00EF (decimal 239)
   defining Unicode char U+00F0 (decimal 240)
   defining Unicode char U+00F1 (decimal 241)
   defining Unicode char U+00F2 (decimal 242)
   defining Unicode char U+00F3 (decimal 243)
   defining Unicode char U+00F4 (decimal 244)
   defining Unicode char U+00F5 (decimal 245)
   defining Unicode char U+00F6 (decimal 246)
   defining Unicode char U+00F8 (decimal 248)
   defining Unicode char U+00F9 (decimal 249)
   defining Unicode char U+00FA (decimal 250)
   defining Unicode char U+00FB (decimal 251)
   defining Unicode char U+00FC (decimal 252)
   defining Unicode char U+00FD (decimal 253)
   defining Unicode char U+00FE (decimal 254)
   defining Unicode char U+00FF (decimal 255)
   defining Unicode char U+0102 (decimal 258)
   defining Unicode char U+0103 (decimal 259)
   defining Unicode char U+0104 (decimal 260)
   defining Unicode char U+0105 (decimal 261)
   defining Unicode char U+0106 (decimal 262)
   defining Unicode char U+0107 (decimal 263)
   defining Unicode char U+010C (decimal 268)
   defining Unicode char U+010D (decimal 269)
   defining Unicode char U+010E (decimal 270)
   defining Unicode char U+010F (decimal 271)
   defining Unicode char U+0110 (decimal 272)
   defining Unicode char U+0111 (decimal 273)
   defining Unicode char U+0118 (decimal 280)
   defining Unicode char U+0119 (decimal 281)
   defining Unicode char U+011A (decimal 282)
   defining Unicode char U+011B (decimal 283)
   defining Unicode char U+011E (decimal 286)
   defining Unicode char U+011F (decimal 287)
   defining Unicode char U+0130 (decimal 304)
   defining Unicode char U+0131 (decimal 305)
   defining Unicode char U+0132 (decimal 306)
   defining Unicode char U+0133 (decimal 307)
   defining Unicode char U+0139 (decimal 313)
   defining Unicode char U+013A (decimal 314)
   defining Unicode char U+013D (decimal 317)
   defining Unicode char U+013E (decimal 318)
   defining Unicode char U+0141 (decimal 321)
   defining Unicode char U+0142 (decimal 322)
   defining Unicode char U+0143 (decimal 323)
   defining Unicode char U+0144 (decimal 324)
   defining Unicode char U+0147 (decimal 327)
   defining Unicode char U+0148 (decimal 328)
   defining Unicode char U+014A (decimal 330)
   defining Unicode char U+014B (decimal 331)
   defining Unicode char U+0150 (decimal 336)
   defining Unicode char U+0151 (decimal 337)
   defining Unicode char U+0152 (decimal 338)
   defining Unicode char U+0153 (decimal 339)
   defining Unicode char U+0154 (decimal 340)
   defining Unicode char U+0155 (decimal 341)
   defining Unicode char U+0158 (decimal 344)
   defining Unicode char U+0159 (decimal 345)
   defining Unicode char U+015A (decimal 346)
   defining Unicode char U+015B (decimal 347)
   defining Unicode char U+015E (decimal 350)
   defining Unicode char U+015F (decimal 351)
   defining Unicode char U+0160 (decimal 352)
   defining Unicode char U+0161 (decimal 353)
   defining Unicode char U+0162 (decimal 354)
   defining Unicode char U+0163 (decimal 355)
   defining Unicode char U+0164 (decimal 356)
   defining Unicode char U+0165 (decimal 357)
   defining Unicode char U+016E (decimal 366)
   defining Unicode char U+016F (decimal 367)
   defining Unicode char U+0170 (decimal 368)
   defining Unicode char U+0171 (decimal 369)
   defining Unicode char U+0178 (decimal 376)
   defining Unicode char U+0179 (decimal 377)
   defining Unicode char U+017A (decimal 378)
   defining Unicode char U+017B (decimal 379)
   defining Unicode char U+017C (decimal 380)
   defining Unicode char U+017D (decimal 381)
   defining Unicode char U+017E (decimal 382)
   defining Unicode char U+200C (decimal 8204)
   defining Unicode char U+2013 (decimal 8211)
   defining Unicode char U+2014 (decimal 8212)
   defining Unicode char U+2018 (decimal 8216)
   defining Unicode char U+2019 (decimal 8217)
   defining Unicode char U+201A (decimal 8218)
   defining Unicode char U+201C (decimal 8220)
   defining Unicode char U+201D (decimal 8221)
   defining Unicode char U+201E (decimal 8222)
   defining Unicode char U+2030 (decimal 8240)
   defining Unicode char U+2031 (decimal 8241)
   defining Unicode char U+2039 (decimal 8249)
   defining Unicode char U+203A (decimal 8250)
   defining Unicode char U+2423 (decimal 9251)
)
Now handling font encoding OT1 ...
... processing UTF-8 mapping file for font encoding OT1

("C:\Program Files (x86)\MiKTeX 2.9\tex\latex\base\ot1enc.dfu"
File: ot1enc.dfu 2008/04/05 v1.1m UTF-8 support for inputenc
   defining Unicode char U+00A1 (decimal 161)
   defining Unicode char U+00A3 (decimal 163)
   defining Unicode char U+00B8 (decimal 184)
   defining Unicode char U+00BF (decimal 191)
   defining Unicode char U+00C5 (decimal 197)
   defining Unicode char U+00C6 (decimal 198)
   defining Unicode char U+00D8 (decimal 216)
   defining Unicode char U+00DF (decimal 223)
   defining Unicode char U+00E6 (decimal 230)
   defining Unicode char U+00EC (decimal 236)
   defining Unicode char U+00ED (decimal 237)
   defining Unicode char U+00EE (decimal 238)
   defining Unicode char U+00EF (decimal 239)
   defining Unicode char U+00F8 (decimal 248)
   defining Unicode char U+0131 (decimal 305)
   defining Unicode char U+0141 (decimal 321)
   defining Unicode char U+0142 (decimal 322)
   defining Unicode char U+0152 (decimal 338)
   defining Unicode char U+0153 (decimal 339)
   defining Unicode char U+2013 (decimal 8211)
   defining Unicode char U+2014 (decimal 8212)
   defining Unicode char U+2018 (decimal 8216)
   defining Unicode char U+2019 (decimal 8217)
   defining Unicode char U+201C (decimal 8220)
   defining Unicode char U+201D (decimal 8221)
)
Now handling font encoding OMS ...
... processing UTF-8 mapping file for font encoding OMS

("C:\Program Files (x86)\MiKTeX 2.9\tex\latex\base\omsenc.dfu"
File: omsenc.dfu 2008/04/05 v1.1m UTF-8 support for inputenc
   defining Unicode char U+00A7 (decimal 167)
   defining Unicode char U+00B6 (decimal 182)
   defining Unicode char U+00B7 (decimal 183)
   defining Unicode char U+2020 (decimal 8224)
   defining Unicode char U+2021 (decimal 8225)
   defining Unicode char U+2022 (decimal 8226)
)
Now handling font encoding OMX ...
... no UTF-8 mapping file for font encoding OMX
Now handling font encoding U ...
... no UTF-8 mapping file for font encoding U
   defining Unicode char U+00A9 (decimal 169)
   defining Unicode char U+00AA (decimal 170)
   defining Unicode char U+00AE (decimal 174)
   defining Unicode char U+00BA (decimal 186)
   defining Unicode char U+02C6 (decimal 710)
   defining Unicode char U+02DC (decimal 732)
   defining Unicode char U+200C (decimal 8204)
   defining Unicode char U+2026 (decimal 8230)
   defining Unicode char U+2122 (decimal 8482)
   defining Unicode char U+2423 (decimal 9251)
))
("C:\Program Files (x86)\MiKTeX 2.9\tex\latex\amsmath\amsmath.sty"
Package: amsmath 2013/01/14 v2.14 AMS math features
\@mathmargin=\skip65

For additional information on amsmath, use the `?' option.
("C:\Program Files (x86)\MiKTeX 2.9\tex\latex\amsmath\amstext.sty"
Package: amstext 2000/06/29 v2.01

("C:\Program Files (x86)\MiKTeX 2.9\tex\latex\amsmath\amsgen.sty"
File: amsgen.sty 1999/11/30 v2.0
\@emptytoks=\toks17
\ex@=\dimen104
))
("C:\Program Files (x86)\MiKTeX 2.9\tex\latex\amsmath\amsbsy.sty"
Package: amsbsy 1999/11/29 v1.2d
\pmbraise@=\dimen105
)
("C:\Program Files (x86)\MiKTeX 2.9\tex\latex\amsmath\amsopn.sty"
Package: amsopn 1999/12/14 v2.01 operator names
)
\inf@bad=\count105
LaTeX Info: Redefining \frac on input line 210.
\uproot@=\count106
\leftroot@=\count107
LaTeX Info: Redefining \overline on input line 306.
\classnum@=\count108
\DOTSCASE@=\count109
LaTeX Info: Redefining \ldots on input line 378.
LaTeX Info: Redefining \dots on input line 381.
LaTeX Info: Redefining \cdots on input line 466.
\Mathstrutbox@=\box32
\strutbox@=\box33
\big@size=\dimen106
LaTeX Font Info:    Redeclaring font encoding OML on input line 566.
LaTeX Font Info:    Redeclaring font encoding OMS on input line 567.
\macc@depth=\count110
\c@MaxMatrixCols=\count111
\dotsspace@=\muskip10
\c@parentequation=\count112
\dspbrk@lvl=\count113
\tag@help=\toks18
\row@=\count114
\column@=\count115
\maxfields@=\count116
\andhelp@=\toks19
\eqnshift@=\dimen107
\alignsep@=\dimen108
\tagshift@=\dimen109
\tagwidth@=\dimen110
\totwidth@=\dimen111
\lineht@=\dimen112
\@envbody=\toks20
\multlinegap=\skip66
\multlinetaggap=\skip67
\mathdisplay@stack=\toks21
LaTeX Info: Redefining \[ on input line 2665.
LaTeX Info: Redefining \] on input line 2666.
)
("C:\Program Files (x86)\MiKTeX 2.9\tex\latex\graphics\graphicx.sty"
Package: graphicx 1999/02/16 v1.0f Enhanced LaTeX Graphics (DPC,SPQR)

("C:\Program Files (x86)\MiKTeX 2.9\tex\latex\graphics\graphics.sty"
Package: graphics 2009/02/05 v1.0o Standard LaTeX Graphics (DPC,SPQR)

("C:\Program Files (x86)\MiKTeX 2.9\tex\latex\graphics\trig.sty"
Package: trig 1999/03/16 v1.09 sin cos tan (DPC)
)
("C:\Program Files (x86)\MiKTeX 2.9\tex\latex\00miktex\graphics.cfg"
File: graphics.cfg 2007/01/18 v1.5 graphics configuration of teTeX/TeXLive
)
Package graphics Info: Driver file: pdftex.def on input line 91.

("C:\Program Files (x86)\MiKTeX 2.9\tex\latex\pdftex-def\pdftex.def"
File: pdftex.def 2011/05/27 v0.06d Graphics/color for pdfTeX

("C:\Program Files (x86)\MiKTeX 2.9\tex\generic\oberdiek\infwarerr.sty"
Package: infwarerr 2010/04/08 v1.3 Providing info/warning/error messages (HO)
)
("C:\Program Files (x86)\MiKTeX 2.9\tex\generic\oberdiek\ltxcmds.sty"
Package: ltxcmds 2011/11/09 v1.22 LaTeX kernel commands for general use (HO)
)
\Gread@gobject=\count117
))
\Gin@req@height=\dimen113
\Gin@req@width=\dimen114
)
("C:\Program Files (x86)\MiKTeX 2.9\tex\latex\bbold\bbold.sty"
Package: bbold 1994/04/06 Bbold symbol package
)
("C:\Program Files (x86)\MiKTeX 2.9\tex\latex\pgf\frontendlayer\tikz.sty"
("C:\Program Files (x86)\MiKTeX 2.9\tex\latex\pgf\basiclayer\pgf.sty"
("C:\Program Files (x86)\MiKTeX 2.9\tex\latex\pgf\utilities\pgfrcs.sty"
("C:\Program Files (x86)\MiKTeX 2.9\tex\generic\pgf\utilities\pgfutil-common.te
x"
\pgfutil@everybye=\toks22
\pgfutil@tempdima=\dimen115
\pgfutil@tempdimb=\dimen116

("C:\Program Files (x86)\MiKTeX 2.9\tex\generic\pgf\utilities\pgfutil-common-li
sts.tex"))
("C:\Program Files (x86)\MiKTeX 2.9\tex\generic\pgf\utilities\pgfutil-latex.def
"
\pgfutil@abb=\box34
 ("C:\Program Files (x86)\MiKTeX 2.9\tex\latex\ms\everyshi.sty"
Package: everyshi 2001/05/15 v3.00 EveryShipout Package (MS)
))
("C:\Program Files (x86)\MiKTeX 2.9\tex\generic\pgf\utilities\pgfrcs.code.tex"
Package: pgfrcs 2013/12/20 v3.0.0 (rcs-revision 1.28)
))
Package: pgf 2013/12/18 v3.0.0 (rcs-revision 1.14)
 ("C:\Program Files (x86)\MiKTeX 2.9\tex\latex\pgf\basiclayer\pgfcore.sty"
("C:\Program Files (x86)\MiKTeX 2.9\tex\latex\pgf\systemlayer\pgfsys.sty"
("C:\Program Files (x86)\MiKTeX 2.9\tex\generic\pgf\systemlayer\pgfsys.code.tex
"
Package: pgfsys 2013/11/30 v3.0.0 (rcs-revision 1.47)
 ("C:\Program Files (x86)\MiKTeX 2.9\tex\generic\pgf\utilities\pgfkeys.code.tex
"
\pgfkeys@pathtoks=\toks23
\pgfkeys@temptoks=\toks24

("C:\Program Files (x86)\MiKTeX 2.9\tex\generic\pgf\utilities\pgfkeysfiltered.c
ode.tex"
\pgfkeys@tmptoks=\toks25
))
\pgf@x=\dimen117
\pgf@y=\dimen118
\pgf@xa=\dimen119
\pgf@ya=\dimen120
\pgf@xb=\dimen121
\pgf@yb=\dimen122
\pgf@xc=\dimen123
\pgf@yc=\dimen124
\w@pgf@writea=\write3
\r@pgf@reada=\read1
\c@pgf@counta=\count118
\c@pgf@countb=\count119
\c@pgf@countc=\count120
\c@pgf@countd=\count121
\t@pgf@toka=\toks26
\t@pgf@tokb=\toks27
\t@pgf@tokc=\toks28

("C:\Program Files (x86)\MiKTeX 2.9\tex\generic\pgf\systemlayer\pgf.cfg"
File: pgf.cfg 2008/05/14  (rcs-revision 1.7)
)
Driver file for pgf: pgfsys-pdftex.def

("C:\Program Files (x86)\MiKTeX 2.9\tex\generic\pgf\systemlayer\pgfsys-pdftex.d
ef"
File: pgfsys-pdftex.def 2013/07/18  (rcs-revision 1.33)

("C:\Program Files (x86)\MiKTeX 2.9\tex\generic\pgf\systemlayer\pgfsys-common-p
df.def"
File: pgfsys-common-pdf.def 2013/10/10  (rcs-revision 1.13)
)))
("C:\Program Files (x86)\MiKTeX 2.9\tex\generic\pgf\systemlayer\pgfsyssoftpath.
code.tex"
File: pgfsyssoftpath.code.tex 2013/09/09  (rcs-revision 1.9)
\pgfsyssoftpath@smallbuffer@items=\count122
\pgfsyssoftpath@bigbuffer@items=\count123
)
("C:\Program Files (x86)\MiKTeX 2.9\tex\generic\pgf\systemlayer\pgfsysprotocol.
code.tex"
File: pgfsysprotocol.code.tex 2006/10/16  (rcs-revision 1.4)
)) ("C:\Program Files (x86)\MiKTeX 2.9\tex\latex\xcolor\xcolor.sty"
Package: xcolor 2007/01/21 v2.11 LaTeX color extensions (UK)

("C:\Program Files (x86)\MiKTeX 2.9\tex\latex\00miktex\color.cfg"
File: color.cfg 2007/01/18 v1.5 color configuration of teTeX/TeXLive
)
Package xcolor Info: Driver file: pdftex.def on input line 225.
Package xcolor Info: Model `cmy' substituted by `cmy0' on input line 1337.
Package xcolor Info: Model `hsb' substituted by `rgb' on input line 1341.
Package xcolor Info: Model `RGB' extended on input line 1353.
Package xcolor Info: Model `HTML' substituted by `rgb' on input line 1355.
Package xcolor Info: Model `Hsb' substituted by `hsb' on input line 1356.
Package xcolor Info: Model `tHsb' substituted by `hsb' on input line 1357.
Package xcolor Info: Model `HSB' substituted by `hsb' on input line 1358.
Package xcolor Info: Model `Gray' substituted by `gray' on input line 1359.
Package xcolor Info: Model `wave' substituted by `hsb' on input line 1360.
)
("C:\Program Files (x86)\MiKTeX 2.9\tex\generic\pgf\basiclayer\pgfcore.code.tex
"
Package: pgfcore 2010/04/11 v3.0.0 (rcs-revision 1.7)
 ("C:\Program Files (x86)\MiKTeX 2.9\tex\generic\pgf\math\pgfmath.code.tex"
("C:\Program Files (x86)\MiKTeX 2.9\tex\generic\pgf\math\pgfmathcalc.code.tex"
("C:\Program Files (x86)\MiKTeX 2.9\tex\generic\pgf\math\pgfmathutil.code.tex")
("C:\Program Files (x86)\MiKTeX 2.9\tex\generic\pgf\math\pgfmathparser.code.tex
"
\pgfmath@dimen=\dimen125
\pgfmath@count=\count124
\pgfmath@box=\box35
\pgfmath@toks=\toks29
\pgfmath@stack@operand=\toks30
\pgfmath@stack@operation=\toks31
)
("C:\Program Files (x86)\MiKTeX 2.9\tex\generic\pgf\math\pgfmathfunctions.code.
tex"
("C:\Program Files (x86)\MiKTeX 2.9\tex\generic\pgf\math\pgfmathfunctions.basic
.code.tex")
("C:\Program Files (x86)\MiKTeX 2.9\tex\generic\pgf\math\pgfmathfunctions.trigo
nometric.code.tex")
("C:\Program Files (x86)\MiKTeX 2.9\tex\generic\pgf\math\pgfmathfunctions.rando
m.code.tex")
("C:\Program Files (x86)\MiKTeX 2.9\tex\generic\pgf\math\pgfmathfunctions.compa
rison.code.tex")
("C:\Program Files (x86)\MiKTeX 2.9\tex\generic\pgf\math\pgfmathfunctions.base.
code.tex")
("C:\Program Files (x86)\MiKTeX 2.9\tex\generic\pgf\math\pgfmathfunctions.round
.code.tex")
("C:\Program Files (x86)\MiKTeX 2.9\tex\generic\pgf\math\pgfmathfunctions.misc.
code.tex")
("C:\Program Files (x86)\MiKTeX 2.9\tex\generic\pgf\math\pgfmathfunctions.integ
erarithmetics.code.tex")))
("C:\Program Files (x86)\MiKTeX 2.9\tex\generic\pgf\math\pgfmathfloat.code.tex"
\c@pgfmathroundto@lastzeros=\count125
))
("C:\Program Files (x86)\MiKTeX 2.9\tex\generic\pgf\basiclayer\pgfcorepoints.co
de.tex"
File: pgfcorepoints.code.tex 2013/10/07  (rcs-revision 1.27)
\pgf@picminx=\dimen126
\pgf@picmaxx=\dimen127
\pgf@picminy=\dimen128
\pgf@picmaxy=\dimen129
\pgf@pathminx=\dimen130
\pgf@pathmaxx=\dimen131
\pgf@pathminy=\dimen132
\pgf@pathmaxy=\dimen133
\pgf@xx=\dimen134
\pgf@xy=\dimen135
\pgf@yx=\dimen136
\pgf@yy=\dimen137
\pgf@zx=\dimen138
\pgf@zy=\dimen139
)
("C:\Program Files (x86)\MiKTeX 2.9\tex\generic\pgf\basiclayer\pgfcorepathconst
ruct.code.tex"
File: pgfcorepathconstruct.code.tex 2013/10/07  (rcs-revision 1.29)
\pgf@path@lastx=\dimen140
\pgf@path@lasty=\dimen141
)
("C:\Program Files (x86)\MiKTeX 2.9\tex\generic\pgf\basiclayer\pgfcorepathusage
.code.tex"
File: pgfcorepathusage.code.tex 2013/12/13  (rcs-revision 1.23)
\pgf@shorten@end@additional=\dimen142
\pgf@shorten@start@additional=\dimen143
)
("C:\Program Files (x86)\MiKTeX 2.9\tex\generic\pgf\basiclayer\pgfcorescopes.co
de.tex"
File: pgfcorescopes.code.tex 2013/10/09  (rcs-revision 1.44)
\pgfpic=\box36
\pgf@hbox=\box37
\pgf@layerbox@main=\box38
\pgf@picture@serial@count=\count126
)
("C:\Program Files (x86)\MiKTeX 2.9\tex\generic\pgf\basiclayer\pgfcoregraphicst
ate.code.tex"
File: pgfcoregraphicstate.code.tex 2013/09/19  (rcs-revision 1.11)
\pgflinewidth=\dimen144
)
("C:\Program Files (x86)\MiKTeX 2.9\tex\generic\pgf\basiclayer\pgfcoretransform
ations.code.tex"
File: pgfcoretransformations.code.tex 2013/10/10  (rcs-revision 1.17)
\pgf@pt@x=\dimen145
\pgf@pt@y=\dimen146
\pgf@pt@temp=\dimen147
)
("C:\Program Files (x86)\MiKTeX 2.9\tex\generic\pgf\basiclayer\pgfcorequick.cod
e.tex"
File: pgfcorequick.code.tex 2008/10/09  (rcs-revision 1.3)
)
("C:\Program Files (x86)\MiKTeX 2.9\tex\generic\pgf\basiclayer\pgfcoreobjects.c
ode.tex"
File: pgfcoreobjects.code.tex 2006/10/11  (rcs-revision 1.2)
)
("C:\Program Files (x86)\MiKTeX 2.9\tex\generic\pgf\basiclayer\pgfcorepathproce
ssing.code.tex"
File: pgfcorepathprocessing.code.tex 2013/09/09  (rcs-revision 1.9)
)
("C:\Program Files (x86)\MiKTeX 2.9\tex\generic\pgf\basiclayer\pgfcorearrows.co
de.tex"
File: pgfcorearrows.code.tex 2013/11/07  (rcs-revision 1.40)
\pgfarrowsep=\dimen148
)
("C:\Program Files (x86)\MiKTeX 2.9\tex\generic\pgf\basiclayer\pgfcoreshade.cod
e.tex"
File: pgfcoreshade.code.tex 2013/07/15  (rcs-revision 1.15)
\pgf@max=\dimen149
\pgf@sys@shading@range@num=\count127
)
("C:\Program Files (x86)\MiKTeX 2.9\tex\generic\pgf\basiclayer\pgfcoreimage.cod
e.tex"
File: pgfcoreimage.code.tex 2013/07/15  (rcs-revision 1.18)

("C:\Program Files (x86)\MiKTeX 2.9\tex\generic\pgf\basiclayer\pgfcoreexternal.
code.tex"
File: pgfcoreexternal.code.tex 2013/07/15  (rcs-revision 1.20)
\pgfexternal@startupbox=\box39
))
("C:\Program Files (x86)\MiKTeX 2.9\tex\generic\pgf\basiclayer\pgfcorelayers.co
de.tex"
File: pgfcorelayers.code.tex 2013/07/18  (rcs-revision 1.7)
)
("C:\Program Files (x86)\MiKTeX 2.9\tex\generic\pgf\basiclayer\pgfcoretranspare
ncy.code.tex"
File: pgfcoretransparency.code.tex 2013/09/30  (rcs-revision 1.5)
)
("C:\Program Files (x86)\MiKTeX 2.9\tex\generic\pgf\basiclayer\pgfcorepatterns.
code.tex"
File: pgfcorepatterns.code.tex 2013/11/07  (rcs-revision 1.5)
)))
("C:\Program Files (x86)\MiKTeX 2.9\tex\generic\pgf\modules\pgfmoduleshapes.cod
e.tex"
File: pgfmoduleshapes.code.tex 2013/10/31  (rcs-revision 1.34)
\pgfnodeparttextbox=\box40
)
("C:\Program Files (x86)\MiKTeX 2.9\tex\generic\pgf\modules\pgfmoduleplot.code.
tex"
File: pgfmoduleplot.code.tex 2013/07/31  (rcs-revision 1.12)
)
("C:\Program Files (x86)\MiKTeX 2.9\tex\latex\pgf\compatibility\pgfcomp-version
-0-65.sty"
Package: pgfcomp-version-0-65 2007/07/03 v3.0.0 (rcs-revision 1.7)
\pgf@nodesepstart=\dimen150
\pgf@nodesepend=\dimen151
)
("C:\Program Files (x86)\MiKTeX 2.9\tex\latex\pgf\compatibility\pgfcomp-version
-1-18.sty"
Package: pgfcomp-version-1-18 2007/07/23 v3.0.0 (rcs-revision 1.1)
))
("C:\Program Files (x86)\MiKTeX 2.9\tex\latex\pgf\utilities\pgffor.sty"
("C:\Program Files (x86)\MiKTeX 2.9\tex\latex\pgf\utilities\pgfkeys.sty"
("C:\Program Files (x86)\MiKTeX 2.9\tex\generic\pgf\utilities\pgfkeys.code.tex"
)) ("C:\Program Files (x86)\MiKTeX 2.9\tex\latex\pgf\math\pgfmath.sty"
("C:\Program Files (x86)\MiKTeX 2.9\tex\generic\pgf\math\pgfmath.code.tex"))
("C:\Program Files (x86)\MiKTeX 2.9\tex\generic\pgf\utilities\pgffor.code.tex"
Package: pgffor 2013/12/13 v3.0.0 (rcs-revision 1.25)

("C:\Program Files (x86)\MiKTeX 2.9\tex\generic\pgf\math\pgfmath.code.tex")
\pgffor@iter=\dimen152
\pgffor@skip=\dimen153
\pgffor@stack=\toks32
\pgffor@toks=\toks33
))
("C:\Program Files (x86)\MiKTeX 2.9\tex\generic\pgf\frontendlayer\tikz\tikz.cod
e.tex"
Package: tikz 2013/12/13 v3.0.0 (rcs-revision 1.142)

("C:\Program Files (x86)\MiKTeX 2.9\tex\generic\pgf\libraries\pgflibraryplothan
dlers.code.tex"
File: pgflibraryplothandlers.code.tex 2013/08/31 v3.0.0 (rcs-revision 1.20)
\pgf@plot@mark@count=\count128
\pgfplotmarksize=\dimen154
)
\tikz@lastx=\dimen155
\tikz@lasty=\dimen156
\tikz@lastxsaved=\dimen157
\tikz@lastysaved=\dimen158
\tikzleveldistance=\dimen159
\tikzsiblingdistance=\dimen160
\tikz@figbox=\box41
\tikz@figbox@bg=\box42
\tikz@tempbox=\box43
\tikz@tempbox@bg=\box44
\tikztreelevel=\count129
\tikznumberofchildren=\count130
\tikznumberofcurrentchild=\count131
\tikz@fig@count=\count132

("C:\Program Files (x86)\MiKTeX 2.9\tex\generic\pgf\modules\pgfmodulematrix.cod
e.tex"
File: pgfmodulematrix.code.tex 2013/09/17  (rcs-revision 1.8)
\pgfmatrixcurrentrow=\count133
\pgfmatrixcurrentcolumn=\count134
\pgf@matrix@numberofcolumns=\count135
)
\tikz@expandcount=\count136

("C:\Program Files (x86)\MiKTeX 2.9\tex\generic\pgf\frontendlayer\tikz\librarie
s\tikzlibrarytopaths.code.tex"
File: tikzlibrarytopaths.code.tex 2008/06/17 v3.0.0 (rcs-revision 1.2)
)))
("C:\Program Files (x86)\MiKTeX 2.9\tex\latex\silence\silence.sty"
Package: silence 2012/07/02 v1.5b Selective filtering of warnings and error mes
sages
\sl@Save=\count137
\sl@StateNumber=\count138
\sl@MessageCount=\count139
\sl@Casualties=\count140
\sl@Filter=\toks34
\sl@Message=\toks35
\sl@UnexpandedMessage=\toks36
\sl@Mess@ge=\toks37
\sl@WarningCount=\count141
\sl@WarningNumber=\count142
\sl@WarningCasualties=\count143
\sl@TempBOW=\toks38
\sl@BankOfWarnings=\toks39
LaTeX Info: Redefining \GenericWarning on input line 433.
\sl@ErrorCount=\count144
\sl@ErrorNumber=\count145
\sl@ErrorCasualties=\count146
\sl@TempBOE=\toks40
\sl@BankOfErrors=\toks41
LaTeX Info: Redefining \GenericError on input line 601.
)
("C:\Program Files (x86)\MiKTeX 2.9\tex\latex\mdframed\mdframed.sty"
Package: mdframed 2013/07/01 1.9b: mdframed

("C:\Program Files (x86)\MiKTeX 2.9\tex\latex\oberdiek\kvoptions.sty"
Package: kvoptions 2011/06/30 v3.11 Key value format for package options (HO)

("C:\Program Files (x86)\MiKTeX 2.9\tex\generic\oberdiek\kvsetkeys.sty"
Package: kvsetkeys 2012/04/25 v1.16 Key value parser (HO)

("C:\Program Files (x86)\MiKTeX 2.9\tex\generic\oberdiek\etexcmds.sty"
Package: etexcmds 2011/02/16 v1.5 Avoid name clashes with e-TeX commands (HO)

("C:\Program Files (x86)\MiKTeX 2.9\tex\generic\oberdiek\ifluatex.sty"
Package: ifluatex 2010/03/01 v1.3 Provides the ifluatex switch (HO)
Package ifluatex Info: LuaTeX not detected.
)
Package etexcmds Info: Could not find \expanded.
(etexcmds)             That can mean that you are not using pdfTeX 1.50 or
(etexcmds)             that some package has redefined \expanded.
(etexcmds)             In the latter case, load this package earlier.
)))
("C:\Program Files (x86)\MiKTeX 2.9\tex\latex\l3packages\xparse\xparse.sty"
("C:\Program Files (x86)\MiKTeX 2.9\tex\latex\l3kernel\expl3.sty"
Package: expl3 2015/03/01 v5547 L3 programming layer (loader) 

("C:\Program Files (x86)\MiKTeX 2.9\tex\latex\l3kernel\expl3-code.tex"
Package: expl3 2015/03/01 v5547 L3 programming layer (code) 
L3 Module: l3bootstrap 2015/02/28 v5542 L3 Bootstrap code

("C:\Program Files (x86)\MiKTeX 2.9\tex\latex\misc\etex.sty"
Package: etex 1998/03/26 v2.0 eTeX basic definition package (PEB)
\et@xins=\count147
)
L3 Module: l3names 2015/02/24 v5535 L3 Namespace for primitives
L3 Module: l3basics 2015/01/27 v5500 L3 Basic definitions
L3 Module: l3expan 2014/11/27 v5472 L3 Argument expansion
L3 Module: l3tl 2015/01/27 v5500 L3 Token lists
L3 Module: l3str 2015/03/01 v5545 L3 Strings
L3 Module: l3seq 2014/08/23 v5354 L3 Sequences and stacks
L3 Module: l3int 2015/02/21 v5529 L3 Integers
\c_max_int=\count148
\l_tmpa_int=\count149
\l_tmpb_int=\count150
\g_tmpa_int=\count151
\g_tmpb_int=\count152
L3 Module: l3quark 2014/08/23 v5354 L3 Quarks
L3 Module: l3prg 2014/08/23 v5354 L3 Control structures
\g__prg_map_int=\count153
L3 Module: l3clist 2014/08/23 v5354 L3 Comma separated lists
L3 Module: l3token 2014/09/15 v5422 L3 Experimental token manipulation
L3 Module: l3prop 2014/08/23 v5354 L3 Property lists
L3 Module: l3msg 2015/02/26 v5537 L3 Messages
L3 Module: l3file 2014/08/24 v5369 L3 File and I/O operations
\l_iow_line_count_int=\count154
\l__iow_target_count_int=\count155
\l__iow_current_line_int=\count156
\l__iow_current_word_int=\count157
\l__iow_current_indentation_int=\count158
L3 Module: l3skip 2014/08/23 v5354 L3 Dimensions and skips
\c_zero_dim=\dimen161
\c_max_dim=\dimen162
\l_tmpa_dim=\dimen163
\l_tmpb_dim=\dimen164
\g_tmpa_dim=\dimen165
\g_tmpb_dim=\dimen166
\c_zero_skip=\skip68
\c_max_skip=\skip69
\l_tmpa_skip=\skip70
\l_tmpb_skip=\skip71
\g_tmpa_skip=\skip72
\g_tmpb_skip=\skip73
\c_zero_muskip=\muskip11
\c_max_muskip=\muskip12
\l_tmpa_muskip=\muskip13
\l_tmpb_muskip=\muskip14
\g_tmpa_muskip=\muskip15
\g_tmpb_muskip=\muskip16
L3 Module: l3keys 2015/01/27 v5500 L3 Key-value interfaces
\g__keyval_level_int=\count159
\l_keys_choice_int=\count160
L3 Module: l3fp 2014/08/22 v5336 L3 Floating points
\c__fp_leading_shift_int=\count161
\c__fp_middle_shift_int=\count162
\c__fp_trailing_shift_int=\count163
\c__fp_big_leading_shift_int=\count164
\c__fp_big_middle_shift_int=\count165
\c__fp_big_trailing_shift_int=\count166
\c__fp_Bigg_leading_shift_int=\count167
\c__fp_Bigg_middle_shift_int=\count168
\c__fp_Bigg_trailing_shift_int=\count169
L3 Module: l3box 2014/08/23 v5354 L3 Experimental boxes
\c_empty_box=\box45
\l_tmpa_box=\box46
\l_tmpb_box=\box47
\g_tmpa_box=\box48
\g_tmpb_box=\box49
L3 Module: l3coffins 2014/08/23 v5354 L3 Coffin code layer
\l__coffin_internal_box=\box50
\l__coffin_internal_dim=\dimen167
\l__coffin_offset_x_dim=\dimen168
\l__coffin_offset_y_dim=\dimen169
\l__coffin_x_dim=\dimen170
\l__coffin_y_dim=\dimen171
\l__coffin_x_prime_dim=\dimen172
\l__coffin_y_prime_dim=\dimen173
\c_empty_coffin=\box51
\l__coffin_aligned_coffin=\box52
\l__coffin_aligned_internal_coffin=\box53
\l_tmpa_coffin=\box54
\l_tmpb_coffin=\box55
\l__coffin_display_coffin=\box56
\l__coffin_display_coord_coffin=\box57
\l__coffin_display_pole_coffin=\box58
\l__coffin_display_offset_dim=\dimen174
\l__coffin_display_x_dim=\dimen175
\l__coffin_display_y_dim=\dimen176
L3 Module: l3color 2014/08/23 v5354 L3 Experimental color support
L3 Module: l3candidates 2015/03/01 v5544 L3 Experimental additions to l3kernel
\l__box_top_dim=\dimen177
\l__box_bottom_dim=\dimen178
\l__box_left_dim=\dimen179
\l__box_right_dim=\dimen180
\l__box_top_new_dim=\dimen181
\l__box_bottom_new_dim=\dimen182
\l__box_left_new_dim=\dimen183
\l__box_right_new_dim=\dimen184
\l__box_internal_box=\box59
\l__coffin_bounding_shift_dim=\dimen185
\l__coffin_left_corner_dim=\dimen186
\l__coffin_right_corner_dim=\dimen187
\l__coffin_bottom_corner_dim=\dimen188
\l__coffin_top_corner_dim=\dimen189
\l__coffin_scaled_total_height_dim=\dimen190
\l__coffin_scaled_width_dim=\dimen191
)
("C:\Program Files (x86)\MiKTeX 2.9\tex\latex\l3kernel\l3unicode-data.def"
File: l3unicode-data.def 2015/03/01 v5544 L3 Unicode data
)
("C:\Program Files (x86)\MiKTeX 2.9\tex\latex\l3kernel\l3pdfmode.def"
File: l3pdfmode.def 2015/03/01 v5544 L3 Experimental driver: PDF mode
\l__driver_color_stack_int=\count170
))
Package: xparse 2014/11/25 v5471 L3 Experimental document command parser
\l__xparse_current_arg_int=\count171
\l__xparse_m_args_int=\count172
\l__xparse_mandatory_args_int=\count173
\l__xparse_processor_int=\count174
\l__xparse_v_nesting_int=\count175
)
("C:\Program Files (x86)\MiKTeX 2.9\tex\latex\etoolbox\etoolbox.sty"
Package: etoolbox 2015/08/02 v2.2a e-TeX tools for LaTeX (JAW)
\etb@tempcnta=\count176
)
("C:\Program Files (x86)\MiKTeX 2.9\tex\latex\oberdiek\zref-abspage.sty"
Package: zref-abspage 2012/04/04 v2.24 Module abspage for zref (HO)

("C:\Program Files (x86)\MiKTeX 2.9\tex\latex\oberdiek\zref-base.sty"
Package: zref-base 2012/04/04 v2.24 Module base for zref (HO)

("C:\Program Files (x86)\MiKTeX 2.9\tex\generic\oberdiek\kvdefinekeys.sty"
Package: kvdefinekeys 2011/04/07 v1.3 Define keys (HO)
)
("C:\Program Files (x86)\MiKTeX 2.9\tex\generic\oberdiek\pdftexcmds.sty"
Package: pdftexcmds 2011/11/29 v0.20 Utility functions of pdfTeX for LuaTeX (HO
)

("C:\Program Files (x86)\MiKTeX 2.9\tex\generic\oberdiek\ifpdf.sty"
Package: ifpdf 2011/01/30 v2.3 Provides the ifpdf switch (HO)
Package ifpdf Info: pdfTeX in PDF mode is detected.
)
Package pdftexcmds Info: LuaTeX not detected.
Package pdftexcmds Info: \pdf@primitive is available.
Package pdftexcmds Info: \pdf@ifprimitive is available.
Package pdftexcmds Info: \pdfdraftmode found.
)
("C:\Program Files (x86)\MiKTeX 2.9\tex\latex\oberdiek\auxhook.sty"
Package: auxhook 2011/03/04 v1.3 Hooks for auxiliary files (HO)
)
Package zref Info: New property list: main on input line 759.
Package zref Info: New property: default on input line 760.
Package zref Info: New property: page on input line 761.
)
("C:\Program Files (x86)\MiKTeX 2.9\tex\generic\oberdiek\atbegshi.sty"
Package: atbegshi 2011/10/05 v1.16 At begin shipout hook (HO)
)
\c@abspage=\count177
Package zref Info: New property: abspage on input line 62.
)
("C:\Program Files (x86)\MiKTeX 2.9\tex\latex\needspace\needspace.sty"
Package: needspace 2010/09/12 v1.3d reserve vertical space
)
\mdf@templength=\skip74
\c@mdf@globalstyle@cnt=\count178
\mdf@skipabove@length=\skip75
\mdf@skipbelow@length=\skip76
\mdf@leftmargin@length=\skip77
\mdf@rightmargin@length=\skip78
\mdf@innerleftmargin@length=\skip79
\mdf@innerrightmargin@length=\skip80
\mdf@innertopmargin@length=\skip81
\mdf@innerbottommargin@length=\skip82
\mdf@splittopskip@length=\skip83
\mdf@splitbottomskip@length=\skip84
\mdf@outermargin@length=\skip85
\mdf@innermargin@length=\skip86
\mdf@linewidth@length=\skip87
\mdf@innerlinewidth@length=\skip88
\mdf@middlelinewidth@length=\skip89
\mdf@outerlinewidth@length=\skip90
\mdf@roundcorner@length=\skip91
\mdf@footenotedistance@length=\skip92
\mdf@userdefinedwidth@length=\skip93
\mdf@needspace@length=\skip94
\mdf@frametitleaboveskip@length=\skip95
\mdf@frametitlebelowskip@length=\skip96
\mdf@frametitlerulewidth@length=\skip97
\mdf@frametitleleftmargin@length=\skip98
\mdf@frametitlerightmargin@length=\skip99
\mdf@shadowsize@length=\skip100
\mdf@extratopheight@length=\skip101
\mdf@subtitleabovelinewidth@length=\skip102
\mdf@subtitlebelowlinewidth@length=\skip103
\mdf@subtitleaboveskip@length=\skip104
\mdf@subtitlebelowskip@length=\skip105
\mdf@subtitleinneraboveskip@length=\skip106
\mdf@subtitleinnerbelowskip@length=\skip107
\mdf@subsubtitleabovelinewidth@length=\skip108
\mdf@subsubtitlebelowlinewidth@length=\skip109
\mdf@subsubtitleaboveskip@length=\skip110
\mdf@subsubtitlebelowskip@length=\skip111
\mdf@subsubtitleinneraboveskip@length=\skip112
\mdf@subsubtitleinnerbelowskip@length=\skip113

("C:\Program Files (x86)\MiKTeX 2.9\tex\latex\mdframed\md-frame-0.mdf"
File: md-frame-0.mdf 2013/07/01\ 1.9b: md-frame-0
)
\mdf@frametitlebox=\box60
\mdf@footnotebox=\box61
\mdf@splitbox@one=\box62
\mdf@splitbox@two=\box63
\mdf@splitbox@save=\box64
\mdfsplitboxwidth=\skip114
\mdfsplitboxtotalwidth=\skip115
\mdfsplitboxheight=\skip116
\mdfsplitboxdepth=\skip117
\mdfsplitboxtotalheight=\skip118
\mdfframetitleboxwidth=\skip119
\mdfframetitleboxtotalwidth=\skip120
\mdfframetitleboxheight=\skip121
\mdfframetitleboxdepth=\skip122
\mdfframetitleboxtotalheight=\skip123
\mdffootnoteboxwidth=\skip124
\mdffootnoteboxtotalwidth=\skip125
\mdffootnoteboxheight=\skip126
\mdffootnoteboxdepth=\skip127
\mdffootnoteboxtotalheight=\skip128
\mdftotallinewidth=\skip129
\mdfboundingboxwidth=\skip130
\mdfboundingboxtotalwidth=\skip131
\mdfboundingboxheight=\skip132
\mdfboundingboxdepth=\skip133
\mdfboundingboxtotalheight=\skip134
\mdf@freevspace@length=\skip135
\mdf@horizontalwidthofbox@length=\skip136
\mdf@verticalmarginwhole@length=\skip137
\mdf@horizontalspaceofbox=\skip138
\mdfsubtitleheight=\skip139
\mdfsubsubtitleheight=\skip140
\c@mdfcountframes=\count179

****** mdframed patching \endmdf@trivlist

****** -- success******

.................................................
. LaTeX info: "xparse/define-command"
. 
. Defining command \newmdtheoremenv with sig. 'O{} m o m o ' on line 601.
.................................................
.................................................
. LaTeX info: "xparse/define-command"
. 
. Defining command \mdtheorem with sig. ' O{} m o m o ' on line 701.
.................................................
\mdf@envdepth=\count180
\c@mdf@env@i=\count181
\c@mdf@env@ii=\count182
\c@mdf@zref@counter=\count183
Package zref Info: New property: mdf@pagevalue on input line 895.
)
("C:\Program Files (x86)\MiKTeX 2.9\tex\latex\todonotes\todonotes.sty"
Package: todonotes 2015/07/09 .dtx Todonotes source and documentation.
Package: todonotes 2012/07/25

("C:\Program Files (x86)\MiKTeX 2.9\tex\latex\xkeyval\xkeyval.sty"
Package: xkeyval 2012/10/14 v2.6b package option processing (HA)

("C:\Program Files (x86)\MiKTeX 2.9\tex\generic\xkeyval\xkeyval.tex"
\XKV@toks=\toks42
\XKV@tempa@toks=\toks43
\XKV@depth=\count184
File: xkeyval.tex 2012/10/14 v2.6b key=value parser (HA)
))
("C:\Program Files (x86)\MiKTeX 2.9\tex\generic\pgf\frontendlayer\tikz\librarie
s\tikzlibrarypositioning.code.tex"
File: tikzlibrarypositioning.code.tex 2008/10/06 v3.0.0 (rcs-revision 1.7)
)
("C:\Program Files (x86)\MiKTeX 2.9\tex\latex\tools\calc.sty"
Package: calc 2007/08/22 v4.3 Infix arithmetic (KKT,FJ)
\calc@Acount=\count185
\calc@Bcount=\count186
\calc@Adimen=\dimen192
\calc@Bdimen=\dimen193
\calc@Askip=\skip141
\calc@Bskip=\skip142
LaTeX Info: Redefining \setlength on input line 76.
LaTeX Info: Redefining \addtolength on input line 77.
\calc@Ccount=\count187
\calc@Cskip=\skip143
)
\c@@todonotes@numberoftodonotes=\count188
)
("C:\Program Files (x86)\MiKTeX 2.9\tex\latex\listings\listings.sty"
\lst@mode=\count189
\lst@gtempboxa=\box65
\lst@token=\toks44
\lst@length=\count190
\lst@currlwidth=\dimen194
\lst@column=\count191
\lst@pos=\count192
\lst@lostspace=\dimen195
\lst@width=\dimen196
\lst@newlines=\count193
\lst@lineno=\count194
\lst@maxwidth=\dimen197

("C:\Program Files (x86)\MiKTeX 2.9\tex\latex\listings\lstmisc.sty"
File: lstmisc.sty 2015/06/04 1.6 (Carsten Heinz)
\c@lstnumber=\count195
\lst@skipnumbers=\count196
\lst@framebox=\box66
)
("C:\Program Files (x86)\MiKTeX 2.9\tex\latex\listings\listings.cfg"
File: listings.cfg 2015/06/04 1.6 listings configuration
))
Package: listings 2015/06/04 1.6 (Carsten Heinz)

("C:\Program Files (x86)\MiKTeX 2.9\tex\latex\tools\multicol.sty"
Package: multicol 2011/06/27 v1.7a multicolumn formatting (FMi)
\c@tracingmulticols=\count197
\mult@box=\box67
\multicol@leftmargin=\dimen198
\c@unbalance=\count198
\c@collectmore=\count199
\doublecol@number=\count200
\multicoltolerance=\count201
Normal \count register pool exhausted, switching to extended pool.
\multicolpretolerance=\count277
\full@width=\dimen199
\page@free=\dimen200
\premulticols=\dimen201
Normal \dimen register pool exhausted, switching to extended pool.
\postmulticols=\dimen256
\multicolsep=\skip144
\multicolbaselineskip=\skip145
\partial@page=\box68
\last@line=\box69
\mult@rightbox=\box70
\mult@grightbox=\box71
\mult@gfirstbox=\box72
\mult@firstbox=\box73
\@tempa=\box74
\@tempa=\box75
\@tempa=\box76
\@tempa=\box77
\@tempa=\box78
\@tempa=\box79
\@tempa=\box80
\@tempa=\box81
\@tempa=\box82
\@tempa=\box83
\@tempa=\box84
\@tempa=\box85
\@tempa=\box86
\@tempa=\box87
\@tempa=\box88
\@tempa=\box89
\@tempa=\box90
\c@columnbadness=\count278
\c@finalcolumnbadness=\count279
\last@try=\dimen257
\multicolovershoot=\dimen258
\multicolundershoot=\dimen259
\mult@nat@firstbox=\box91
\colbreak@box=\box92
\multicol@sort@counter=\count280
)
("C:\Program Files (x86)\MiKTeX 2.9\tex\latex\listings\lstlang1.sty"
File: lstlang1.sty 2015/06/04 1.6 listings language file
)
("C:\Program Files (x86)\MiKTeX 2.9\tex\latex\listings\lstlang2.sty"
File: lstlang2.sty 2015/06/04 1.6 listings language file
)
("C:\Program Files (x86)\MiKTeX 2.9\tex\latex\listings\lstlang3.sty"
File: lstlang3.sty 2015/06/04 1.6 listings language file
)
("C:\Users\Thimothee Admin\Documents\GitHub\BIO311\Intro\Mathematical tools.aux
")
LaTeX Font Info:    Checking defaults for OML/cmm/m/it on input line 52.
LaTeX Font Info:    ... okay on input line 52.
LaTeX Font Info:    Checking defaults for T1/cmr/m/n on input line 52.
LaTeX Font Info:    ... okay on input line 52.
LaTeX Font Info:    Checking defaults for OT1/cmr/m/n on input line 52.
LaTeX Font Info:    ... okay on input line 52.
LaTeX Font Info:    Checking defaults for OMS/cmsy/m/n on input line 52.
LaTeX Font Info:    ... okay on input line 52.
LaTeX Font Info:    Checking defaults for OMX/cmex/m/n on input line 52.
LaTeX Font Info:    ... okay on input line 52.
LaTeX Font Info:    Checking defaults for U/cmr/m/n on input line 52.
LaTeX Font Info:    ... okay on input line 52.
 ("C:\Program Files (x86)\MiKTeX 2.9\tex\context\base\supp-pdf.mkii"
[Loading MPS to PDF converter (version 2006.09.02).]
\scratchcounter=\count281
\scratchdimen=\dimen260
\scratchbox=\box93
\nofMPsegments=\count282
\nofMParguments=\count283
\everyMPshowfont=\toks45
\MPscratchCnt=\count284
\MPscratchDim=\dimen261
\MPnumerator=\count285
\makeMPintoPDFobject=\count286
\everyMPtoPDFconversion=\toks46
) ABD: EveryShipout initializing macros
\AtBeginShipoutBox=\box94
\c@lstlisting=\count287
 [1

{C:/ProgramData/MiKTeX/2.9/pdftex/config/pdftex.map}]
("C:\Users\Thimothee Admin\Documents\GitHub\BIO311\Intro\Mathematical tools.toc
")
\tf@toc=\write4
 [1

] [2] [3]
Chapter 1.

Underfull \hbox (badness 10000) in paragraph at lines 127--128

 []

<./figures/der_graph1.pdf, id=31, 505.89pt x 505.89pt>
File: ./figures/der_graph1.pdf Graphic file (type pdf)

<use ./figures/der_graph1.pdf>
Package pdftex.def Info: ./figures/der_graph1.pdf used on input line 129.
(pdftex.def)             Requested size: 224.2479pt x 224.25192pt.

Underfull \hbox (badness 10000) in paragraph at lines 131--132

 []

<./figures/der_graph2.pdf, id=32, 505.89pt x 505.89pt>
File: ./figures/der_graph2.pdf Graphic file (type pdf)

<use ./figures/der_graph2.pdf>
Package pdftex.def Info: ./figures/der_graph2.pdf used on input line 133.
(pdftex.def)             Requested size: 224.2479pt x 224.25192pt.
 [4

 <C:/Users/Thimothee Admin/Documents/GitHub/BIO311/Intro/figures/der_graph1.pdf
>]
Underfull \hbox (badness 10000) in paragraph at lines 135--136

 []

<./figures/der_graph3.pdf, id=42, 505.89pt x 505.89pt>
File: ./figures/der_graph3.pdf Graphic file (type pdf)

<use ./figures/der_graph3.pdf>
Package pdftex.def Info: ./figures/der_graph3.pdf used on input line 137.
(pdftex.def)             Requested size: 276.00105pt x 276.00177pt.
 [5 <C:/Users/Thimothee Admin/Documents/GitHub/BIO311/Intro/figures/der_graph2.
pdf> <C:/Users/Thimothee Admin/Documents/GitHub/BIO311/Intro/figures/der_graph3
.pdf>]
Underfull \hbox (badness 10000) in paragraph at lines 150--152

 []

<./figures/der_graph4.pdf, id=58, 505.89pt x 505.89pt>
File: ./figures/der_graph4.pdf Graphic file (type pdf)

<use ./figures/der_graph4.pdf>
Package pdftex.def Info: ./figures/der_graph4.pdf used on input line 153.
(pdftex.def)             Requested size: 293.2521pt x 293.25429pt.
 [6 <C:/Users/Thimothee Admin/Documents/GitHub/BIO311/Intro/figures/der_graph4.
pdf>]
File: ./figures/der_graph2.pdf Graphic file (type pdf)
 <use ./figures/der_graph2.pdf>
Package pdftex.def Info: ./figures/der_graph2.pdf used on input line 165.
(pdftex.def)             Requested size: 189.75105pt x 189.7546pt.

Underfull \hbox (badness 10000) in paragraph at lines 168--169

 []

<./figures/der_graphquad.pdf, id=69, 505.89pt x 505.89pt>
File: ./figures/der_graphquad.pdf Graphic file (type pdf)

<use ./figures/der_graphquad.pdf>
Package pdftex.def Info: ./figures/der_graphquad.pdf used on input line 170.
(pdftex.def)             Requested size: 210.72803pt x 210.72778pt.
 [7] [8 <C:/Users/Thimothee Admin/Documents/GitHub/BIO311/Intro/figures/der_gra
phquad.pdf>] [9]
<./figures/1a.pdf, id=84, 218.8175pt x 259.97125pt>
File: ./figures/1a.pdf Graphic file (type pdf)
 <use ./figures/1a.pdf>
Package pdftex.def Info: ./figures/1a.pdf used on input line 314.
(pdftex.def)             Requested size: 168.18591pt x 199.81749pt.

Overfull \hbox (17.22221pt too wide) in paragraph at lines 313--319
[]$[]$ $[]$ 
 []

<./figures/1b.pdf, id=85, 218.8175pt x 259.97125pt>
File: ./figures/1b.pdf Graphic file (type pdf)
 <use ./figures/1b.pdf>
Package pdftex.def Info: ./figures/1b.pdf used on input line 321.
(pdftex.def)             Requested size: 168.18591pt x 199.81749pt.

Overfull \hbox (17.22221pt too wide) in paragraph at lines 320--326
[]$[]$ $[]$ 
 []

<./figures/1c.pdf, id=86, 218.8175pt x 259.97125pt>
File: ./figures/1c.pdf Graphic file (type pdf)
 <use ./figures/1c.pdf>
Package pdftex.def Info: ./figures/1c.pdf used on input line 328.
(pdftex.def)             Requested size: 168.18591pt x 199.81749pt.

Underfull \hbox (badness 2027) in paragraph at lines 331--332
\OT1/cmr/m/n/10 is the deriva-tive smaller,
 []


Overfull \hbox (17.22221pt too wide) in paragraph at lines 327--333
[]$[]$ $[]$ 
 []

<./figures/1d.pdf, id=87, 218.8175pt x 259.97125pt>
File: ./figures/1d.pdf Graphic file (type pdf)
 <use ./figures/1d.pdf>
Package pdftex.def Info: ./figures/1d.pdf used on input line 335.
(pdftex.def)             Requested size: 168.18591pt x 199.81749pt.

Overfull \hbox (17.22221pt too wide) in paragraph at lines 334--340
[]$[]$ $[]$ 
 []

<./figures/1e.pdf, id=88, 218.8175pt x 259.97125pt>
File: ./figures/1e.pdf Graphic file (type pdf)
 <use ./figures/1e.pdf>
Package pdftex.def Info: ./figures/1e.pdf used on input line 342.
(pdftex.def)             Requested size: 168.18591pt x 199.81749pt.

Overfull \hbox (17.22221pt too wide) in paragraph at lines 341--347
[]$[]$ $[]$ 
 []

<./figures/1f.pdf, id=89, 218.8175pt x 259.97125pt>
File: ./figures/1f.pdf Graphic file (type pdf)
 <use ./figures/1f.pdf>
Package pdftex.def Info: ./figures/1f.pdf used on input line 350.
(pdftex.def)             Requested size: 168.18591pt x 199.81749pt.

Overfull \hbox (17.22221pt too wide) in paragraph at lines 349--355
[]$[]$ $[]$ 
 []

<./figures/1aa.pdf, id=90, 218.8175pt x 259.97125pt>
File: ./figures/1aa.pdf Graphic file (type pdf)
 <use ./figures/1aa.pdf>
Package pdftex.def Info: ./figures/1aa.pdf used on input line 361.
(pdftex.def)             Requested size: 161.28955pt x 191.62598pt.

Overfull \hbox (17.22221pt too wide) in paragraph at lines 360--366
[]$[]$ $[]$ 
 []

<./figures/1ab.pdf, id=91, 180.675pt x 261.97874pt>
File: ./figures/1ab.pdf Graphic file (type pdf)
 <use ./figures/1ab.pdf>
Package pdftex.def Info: ./figures/1ab.pdf used on input line 368.
(pdftex.def)             Requested size: 161.28955pt x 233.87189pt.

Overfull \hbox (17.22221pt too wide) in paragraph at lines 367--373
[]$[]$ $[]$ 
 []

<./figures/1ac.pdf, id=92, 180.675pt x 261.97874pt>
File: ./figures/1ac.pdf Graphic file (type pdf)
 <use ./figures/1ac.pdf>
Package pdftex.def Info: ./figures/1ac.pdf used on input line 375.
(pdftex.def)             Requested size: 161.28955pt x 233.87189pt.

Overfull \hbox (17.22221pt too wide) in paragraph at lines 374--380
[]$[]$ $[]$ 
 []

<./figures/1ae.pdf, id=93, 218.8175pt x 260.975pt>
File: ./figures/1ae.pdf Graphic file (type pdf)
 <use ./figures/1ae.pdf>
Package pdftex.def Info: ./figures/1ae.pdf used on input line 382.
(pdftex.def)             Requested size: 161.28955pt x 192.36584pt.

Underfull \hbox (badness 1043) in paragraph at lines 385--386
\OT1/cmr/m/n/10 i-mum and max-i-mum, where the
 []


Overfull \hbox (17.22221pt too wide) in paragraph at lines 381--387
[]$[]$ $[]$ 
 []

<./figures/1af.pdf, id=94, 218.8175pt x 260.975pt>
File: ./figures/1af.pdf Graphic file (type pdf)
 <use ./figures/1af.pdf>
Package pdftex.def Info: ./figures/1af.pdf used on input line 389.
(pdftex.def)             Requested size: 161.28955pt x 192.36584pt.

Overfull \hbox (17.22221pt too wide) in paragraph at lines 388--394
[]$[]$ $[]$ 
 []

<./figures/1ag.pdf, id=95, 180.675pt x 261.97874pt>
File: ./figures/1ag.pdf Graphic file (type pdf)
 <use ./figures/1ag.pdf>
Package pdftex.def Info: ./figures/1ag.pdf used on input line 397.
(pdftex.def)             Requested size: 161.28955pt x 233.87189pt.

Overfull \hbox (17.22221pt too wide) in paragraph at lines 396--402
[]$[]$ $[]$ 
 []

[10] [11 <C:/Users/Thimothee Admin/Documents/GitHub/BIO311/Intro/figures/1a.pdf
> <C:/Users/Thimothee Admin/Documents/GitHub/BIO311/Intro/figures/1b.pdf

pdfTeX warning: pdflatex.exe (file C:/Users/Thimothee Admin/Documents/GitHub/BI
O311/Intro/figures/1b.pdf): PDF inclusion: multiple pdfs with page group includ
ed in a single page
> <C:/Users/Thimothee Admin/Documents/GitHub/BIO311/Intro/figures/1c.pdf

pdfTeX warning: pdflatex.exe (file C:/Users/Thimothee Admin/Documents/GitHub/BI
O311/Intro/figures/1c.pdf): PDF inclusion: multiple pdfs with page group includ
ed in a single page
>]
Underfull \hbox (badness 10000) in paragraph at lines 436--437

 []

Package mdframed Info: mdframed inside a box 
 mdframed uses option nobreak mdframed on input line 488.
[12 <C:/Users/Thimothee Admin/Documents/GitHub/BIO311/Intro/figures/1d.pdf> <C:
/Users/Thimothee Admin/Documents/GitHub/BIO311/Intro/figures/1e.pdf

pdfTeX warning: pdflatex.exe (file C:/Users/Thimothee Admin/Documents/GitHub/BI
O311/Intro/figures/1e.pdf): PDF inclusion: multiple pdfs with page group includ
ed in a single page
> <C:/Users/Thimothee Admin/Documents/GitHub/BIO311/Intro/figures/1f.pdf

pdfTeX warning: pdflatex.exe (file C:/Users/Thimothee Admin/Documents/GitHub/BI
O311/Intro/figures/1f.pdf): PDF inclusion: multiple pdfs with page group includ
ed in a single page
>]
Underfull \hbox (badness 10000) in paragraph at lines 554--557

 []

<./figures/int_graph1.pdf, id=156, 551.05875pt x 289.08pt>
File: ./figures/int_graph1.pdf Graphic file (type pdf)

<use ./figures/int_graph1.pdf>
Package pdftex.def Info: ./figures/int_graph1.pdf used on input line 578.
(pdftex.def)             Requested size: 293.26215pt x 206.99939pt.

<./figures/int_graph2.pdf, id=157, 505.89pt x 505.89pt>
File: ./figures/int_graph2.pdf Graphic file (type pdf)

<use ./figures/int_graph2.pdf>
Package pdftex.def Info: ./figures/int_graph2.pdf used on input line 580.
(pdftex.def)             Requested size: 293.2521pt x 293.25429pt.
 [13 <C:/Users/Thimothee Admin/Documents/GitHub/BIO311/Intro/figures/int_graph1
.pdf>]
<./figures/int_graph3.pdf, id=170, page=1, 505.89pt x 505.89pt>
File: ./figures/int_graph3.pdf Graphic file (type pdf)

<use ./figures/int_graph3.pdf, page 1>
Package pdftex.def Info: ./figures/int_graph3.pdf, page1 used on input line 599
.
(pdftex.def)             Requested size: 155.24895pt x 155.24954pt.

<./figures/int_graph3.pdf, id=171, page=2, 505.89pt x 505.89pt>
File: ./figures/int_graph3.pdf Graphic file (type pdf)

<use ./figures/int_graph3.pdf, page 2>
Package pdftex.def Info: ./figures/int_graph3.pdf, page2 used on input line 600
.
(pdftex.def)             Requested size: 155.24895pt x 155.24954pt.

<./figures/int_graph3.pdf, id=172, page=3, 505.89pt x 505.89pt> [14 <C:/Users/T
himothee Admin/Documents/GitHub/BIO311/Intro/figures/int_graph2.pdf>]
File: ./figures/int_graph3.pdf Graphic file (type pdf)

<use ./figures/int_graph3.pdf, page 3>
Package pdftex.def Info: ./figures/int_graph3.pdf, page3 used on input line 601
.
(pdftex.def)             Requested size: 155.24895pt x 155.24954pt.

<./figures/int_graph3.pdf, id=185, page=4, 505.89pt x 505.89pt>
File: ./figures/int_graph3.pdf Graphic file (type pdf)

<use ./figures/int_graph3.pdf, page 4>
Package pdftex.def Info: ./figures/int_graph3.pdf, page4 used on input line 602
.
(pdftex.def)             Requested size: 155.24895pt x 155.24954pt.
 [15 <C:/Users/Thimothee Admin/Documents/GitHub/BIO311/Intro/figures/int_graph3
.pdf> <C:/Users/Thimothee Admin/Documents/GitHub/BIO311/Intro/figures/int_graph
3.pdf> <C:/Users/Thimothee Admin/Documents/GitHub/BIO311/Intro/figures/int_grap
h3.pdf> <C:/Users/Thimothee Admin/Documents/GitHub/BIO311/Intro/figures/int_gra
ph3.pdf>]
<./figures/int_graph4.pdf, id=197, 505.89pt x 505.89pt>
File: ./figures/int_graph4.pdf Graphic file (type pdf)

<use ./figures/int_graph4.pdf>
Package pdftex.def Info: ./figures/int_graph4.pdf used on input line 640.
(pdftex.def)             Requested size: 243.15001pt x 243.15636pt.
 [16 <C:/Users/Thimothee Admin/Documents/GitHub/BIO311/Intro/figures/int_graph4
.pdf>]
Package mdframed Info: Box was splittet wrong
 starting loop to iterate the splitting point
(mdframed)              on input line 689.
 [17]
<./figures/ex_int.pdf, id=212, page=1, 505.89pt x 505.89pt>
File: ./figures/ex_int.pdf Graphic file (type pdf)

<use ./figures/ex_int.pdf, page 1>
Package pdftex.def Info: ./figures/ex_int.pdf, page1 used on input line 720.
(pdftex.def)             Requested size: 155.24895pt x 155.24954pt.

<./figures/ex_int.pdf, id=213, page=2, 505.89pt x 505.89pt>
File: ./figures/ex_int.pdf Graphic file (type pdf)

<use ./figures/ex_int.pdf, page 2>
Package pdftex.def Info: ./figures/ex_int.pdf, page2 used on input line 721.
(pdftex.def)             Requested size: 155.24895pt x 155.24954pt.
 [18 <C:/Users/Thimothee Admin/Documents/GitHub/BIO311/Intro/figures/ex_int.pdf
> <C:/Users/Thimothee Admin/Documents/GitHub/BIO311/Intro/figures/ex_int.pdf>]
<./figures/ex_int2.pdf, id=226, page=1, 505.89pt x 505.89pt>
File: ./figures/ex_int2.pdf Graphic file (type pdf)

<use ./figures/ex_int2.pdf, page 1>
Package pdftex.def Info: ./figures/ex_int2.pdf, page1 used on input line 807.
(pdftex.def)             Requested size: 155.24895pt x 155.24954pt.

Overfull \hbox (28.74457pt too wide) detected at line 824
\OML/cmm/m/it/10 A \OT1/cmr/m/n/10 = [][] \OML/cmm/m/it/10 f[]\OT1/cmr/m/n/10 (
\OML/cmm/m/it/10 x\OT1/cmr/m/n/10 )\OML/cmm/m/it/10 dx \OMS/cmsy/m/n/10   [][] 
\OML/cmm/m/it/10 f[]\OT1/cmr/m/n/10 (\OML/cmm/m/it/10 x\OT1/cmr/m/n/10 )\OML/cm
m/m/it/10 dx \OT1/cmr/m/n/10 = (\OML/cmm/m/it/10 F[]\OT1/cmr/m/n/10 (1) \OMS/cm
sy/m/n/10   \OML/cmm/m/it/10 F[]\OT1/cmr/m/n/10 (0)) \OMS/cmsy/m/n/10   \OT1/cm
r/m/n/10 (\OML/cmm/m/it/10 F[]\OT1/cmr/m/n/10 (1) \OMS/cmsy/m/n/10   \OML/cmm/m
/it/10 F[]\OT1/cmr/m/n/10 (0))\OML/cmm/m/it/10 :
 []


Overfull \hbox (3.97443pt too wide) detected at line 840
\OML/cmm/m/it/10 A[] \OT1/cmr/m/n/10 = \OML/cmm/m/it/10 F[]\OT1/cmr/m/n/10 (1) 
\OMS/cmsy/m/n/10   \OML/cmm/m/it/10 F[]\OT1/cmr/m/n/10 (0) = [] \OMS/cmsy/m/n/1
0   [] \OT1/cmr/m/n/10 + [] = [] \OMS/cmsy/m/n/10   [] \OT1/cmr/m/n/10 + [] = [
] \OMS/cmsy/m/n/10  \OT1/cmr/m/n/10 0\OML/cmm/m/it/10 :\OT1/cmr/m/n/10 22\OML/
cmm/m/it/10 :
 []

[19 <C:/Users/Thimothee Admin/Documents/GitHub/BIO311/Intro/figures/ex_int2.pdf
>] <./figures/exponential_plot.pdf, id=238, 505.89pt x 505.89pt>
File: ./figures/exponential_plot.pdf Graphic file (type pdf)

<use ./figures/exponential_plot.pdf>
Package pdftex.def Info: ./figures/exponential_plot.pdf used on input line 859.

(pdftex.def)             Requested size: 293.2521pt x 293.25429pt.

Underfull \hbox (badness 10000) in paragraph at lines 857--860

 []

[20 <C:/Users/Thimothee Admin/Documents/GitHub/BIO311/Intro/figures/exponential
_plot.pdf>] <./figures/ln_plot.pdf, id=247, 555.07375pt x 289.08pt>
File: ./figures/ln_plot.pdf Graphic file (type pdf)

<use ./figures/ln_plot.pdf>
Package pdftex.def Info: ./figures/ln_plot.pdf used on input line 900.
(pdftex.def)             Requested size: 293.2521pt x 152.72646pt.

Underfull \hbox (badness 10000) in paragraph at lines 898--902

 []

[21 <C:/Users/Thimothee Admin/Documents/GitHub/BIO311/Intro/figures/ln_plot.pdf
>] <./figures/example_e_plot.pdf, id=256, 555.07375pt x 289.08pt>
File: ./figures/example_e_plot.pdf Graphic file (type pdf)

<use ./figures/example_e_plot.pdf>
Package pdftex.def Info: ./figures/example_e_plot.pdf used on input line 906.
(pdftex.def)             Requested size: 275.57198pt x 143.51628pt.

<./figures/example_ln_plot.pdf, id=257, 555.07375pt x 289.08pt>
File: ./figures/example_ln_plot.pdf Graphic file (type pdf)

<use ./figures/example_ln_plot.pdf>
Package pdftex.def Info: ./figures/example_ln_plot.pdf used on input line 908.
(pdftex.def)             Requested size: 275.57198pt x 143.51628pt.

Underfull \hbox (badness 10000) in paragraph at lines 922--923

 []


Underfull \hbox (badness 10000) in paragraph at lines 946--947

 []

File: ./figures/exponential_plot.pdf Graphic file (type pdf)
<use ./figures/exponential_plot.pdf>
Package pdftex.def Info: ./figures/exponential_plot.pdf used on input line 974.

(pdftex.def)             Requested size: 293.2521pt x 293.25429pt.
File: ./figures/ln_plot.pdf Graphic file (type pdf)
 <use ./figures/ln_plot.pdf>
Package pdftex.def Info: ./figures/ln_plot.pdf used on input line 999.
(pdftex.def)             Requested size: 293.2521pt x 152.72646pt.

<./figures/ex_exp_ln_plot.pdf, id=258, 505.89pt x 505.89pt>
File: ./figures/ex_exp_ln_plot.pdf Graphic file (type pdf)

<use ./figures/ex_exp_ln_plot.pdf>
Package pdftex.def Info: ./figures/ex_exp_ln_plot.pdf used on input line 1004.
(pdftex.def)             Requested size: 293.2521pt x 293.25429pt.

Underfull \hbox (badness 10000) in paragraph at lines 1003--1005

 []

[22 <C:/Users/Thimothee Admin/Documents/GitHub/BIO311/Intro/figures/example_e_p
lot.pdf> <C:/Users/Thimothee Admin/Documents/GitHub/BIO311/Intro/figures/exampl
e_ln_plot.pdf>] [23]
Chapter 2.

Underfull \hbox (badness 10000) in paragraph at lines 1017--1018

 []

[24

] [25]
Overfull \hbox (4.9302pt too wide) in paragraph at lines 1075--1076
[]\OT1/cmr/m/n/10 The two no-ta-tions can be con-verted into one an-other. Us-i
ng the Pythagorean
 []

Package mdframed Info: Not enough space on this page on input line 1084.
[26

]
Package mdframed Info: Not enough space on this page on input line 1172.
 [27] [28]
Underfull \hbox (badness 10000) in paragraph at lines 1337--1338

 []


Underfull \hbox (badness 10000) in paragraph at lines 1347--1348

 []


Underfull \hbox (badness 10000) in paragraph at lines 1363--1364

 []

[29]
Underfull \hbox (badness 10000) in paragraph at lines 1378--1379

 []


Underfull \hbox (badness 10000) in paragraph at lines 1427--1428

 []


Underfull \hbox (badness 10000) in paragraph at lines 1520--1521

 []

[30] [31] [32]
LaTeX Font Info:    Try loading font information for U+bbold on input line 1728
.
 ("C:\Program Files (x86)\MiKTeX 2.9\tex\latex\jknappen\ubbold.fd"
File: ubbold.fd 1996/01/01 Blackboard Bold Font Definition File (jk)
) [33] [34]
Underfull \hbox (badness 10000) in paragraph at lines 1821--1824

 []


Overfull \hbox (5.99644pt too wide) in alignment at lines 1911--1914
 [][][] []
 []

[35]
Package mdframed Info: Not enough space on this page on input line 1925.
 [36] [37]
LaTeX Font Info:    Try loading font information for OMS+cmr on input line 1984
.
 ("C:\Program Files (x86)\MiKTeX 2.9\tex\latex\base\omscmr.fd"
File: omscmr.fd 1999/05/25 v2.5h Standard LaTeX font definitions
)
LaTeX Font Info:    Font shape `OMS/cmr/m/n' in size <10> not available
(Font)              Font shape `OMS/cmsy/m/n' tried instead on input line 1984.


[38] [39] [40] [41]
Chapter 3.
[42

 <C:/Users/Thimothee Admin/Documents/GitHub/BIO311/Intro/figures/1aa.pdf>]
[43 <C:/Users/Thimothee Admin/Documents/GitHub/BIO311/Intro/figures/1ab.pdf> <C
:/Users/Thimothee Admin/Documents/GitHub/BIO311/Intro/figures/1ac.pdf

pdfTeX warning: pdflatex.exe (file C:/Users/Thimothee Admin/Documents/GitHub/BI
O311/Intro/figures/1ac.pdf): PDF inclusion: multiple pdfs with page group inclu
ded in a single page
>] [44 <C:/Users/Thimothee Admin/Documents/GitHub/BIO311/Intro/figures/1ae.pdf>
 <C:/Users/Thimothee Admin/Documents/GitHub/BIO311/Intro/figures/1af.pdf

pdfTeX warning: pdflatex.exe (file C:/Users/Thimothee Admin/Documents/GitHub/BI
O311/Intro/figures/1af.pdf): PDF inclusion: multiple pdfs with page group inclu
ded in a single page
>] [45 <C:/Users/Thimothee Admin/Documents/GitHub/BIO311/Intro/figures/1ag.pdf>
] [46] [47] [48] [49] [50] [51] [52 <C:/Users/Thimothee Admin/Documents/GitHub/
BIO311/Intro/figures/ex_exp_ln_plot.pdf>] [53] [54] [55] [56] [57] [58]
[59]
("C:\Users\Thimothee Admin\Documents\GitHub\BIO311\Intro\Mathematical tools.aux
") ) 
Here is how much of TeX's memory you used:
 22576 strings out of 493921
 437283 string characters out of 3147251
 686761 words of memory out of 3000000
 25483 multiletter control sequences out of 15000+200000
 11489 words of font info for 42 fonts, out of 3000000 for 9000
 841 hyphenation exceptions out of 8191
 55i,15n,72p,10452b,914s stack positions out of 5000i,500n,10000p,200000b,50000s
 <C:\Users\Thimothee Admin\AppData\Local\MiKTeX\2.9\fonts\pk\ljfour\public\
bbold\dpi600\bbold10.pk><C:/Program Files (x86)/MiKTeX 2.9/fonts/type1/public/a
msfonts/cm/cmbx10.pfb><C:/Program Files (x86)/MiKTeX 2.9/fonts/type1/public/ams
fonts/cm/cmbx12.pfb><C:/Program Files (x86)/MiKTeX 2.9/fonts/type1/public/amsfo
nts/cm/cmex10.pfb><C:/Program Files (x86)/MiKTeX 2.9/fonts/type1/public/amsfont
s/cm/cmmi10.pfb><C:/Program Files (x86)/MiKTeX 2.9/fonts/type1/public/amsfonts/
cm/cmmi5.pfb><C:/Program Files (x86)/MiKTeX 2.9/fonts/type1/public/amsfonts/cm/
cmmi7.pfb><C:/Program Files (x86)/MiKTeX 2.9/fonts/type1/public/amsfonts/cm/cmr
10.pfb><C:/Program Files (x86)/MiKTeX 2.9/fonts/type1/public/amsfonts/cm/cmr12.
pfb><C:/Program Files (x86)/MiKTeX 2.9/fonts/type1/public/amsfonts/cm/cmr17.pfb
><C:/Program Files (x86)/MiKTeX 2.9/fonts/type1/public/amsfonts/cm/cmr5.pfb><C:
/Program Files (x86)/MiKTeX 2.9/fonts/type1/public/amsfonts/cm/cmr7.pfb><C:/Pro
gram Files (x86)/MiKTeX 2.9/fonts/type1/public/amsfonts/cm/cmsy10.pfb><C:/Progr
am Files (x86)/MiKTeX 2.9/fonts/type1/public/amsfonts/cm/cmsy7.pfb><C:/Program 
Files (x86)/MiKTeX 2.9/fonts/type1/public/amsfonts/cm/cmti10.pfb><C:/Program Fi
les (x86)/MiKTeX 2.9/fonts/type1/public/amsfonts/cm/cmti12.pfb>
Output written on "Mathematical tools.pdf" (60 pages, 942947 bytes).
PDF statistics:
 507 PDF objects out of 1000 (max. 8388607)
 0 named destinations out of 1000 (max. 500000)
 173 words of extra memory for PDF output out of 10000 (max. 10000000)

